<?xml version="1.0" encoding="UTF-8"?>
<!-- Generated by org.testng.reporters.JUnitReportReporter -->
<testsuite hostname="DESKTOP-GJ6AGK4" failures="0" tests="3" name="pack.TestNGproject.testng3" time="87.181" errors="0" timestamp="2024-06-26T14:37:31 IST" skipped="0">
  <testcase classname="pack.TestNGproject.testng3" name="tng2" time="61.099"/>
  <system-out/>
  <testcase classname="pack.TestNGproject.testng3" name="tng1" time="21.295"/>
  <system-out/>
  <testcase classname="pack.TestNGproject.testng3" name="tng3" time="4.787"/>
  <system-out/>
</testsuite> <!-- pack.TestNGproject.testng3 -->
